<?xml version="1.0" encoding="UTF-8"?>
<!-- Generated by org.testng.reporters.JUnitReportReporter -->
<testsuite hostname="DESKTOP-UAU9DTT" failures="0" tests="1" name="test.AddCustomerTest" time="16.731" errors="0" timestamp="2023-02-24T20:54:47 CST" skipped="0">
  <testcase classname="test.AddCustomerTest" name="userShouldBeAbleToAddCustomer" time="16.731"/>
  <system-out/>
</testsuite> <!-- test.AddCustomerTest -->
