<?xml version="1.0" encoding="UTF-8"?>
<!-- Generated by org.testng.reporters.JUnitReportReporter -->
<testsuite hostname="DESKTOP-UAU9DTT" failures="0" tests="1" name="test.LoginTest" time="14.459" errors="0" timestamp="2023-02-23T20:54:15 CST" skipped="0">
  <testcase classname="test.LoginTest" name="validUserShouldBeAbleToLogin" time="14.459"/>
  <system-out/>
</testsuite> <!-- test.LoginTest -->
